<?xml version="1.0" encoding="UTF-8"?>
<!-- Generated by org.testng.reporters.JUnitXMLReporter -->
<testsuite hostname="LAPTOP-0MK9KKKF" ignored="2" name="Test" tests="1" failures="0" timestamp="2023-01-28T15:49:56 IST" time="6.061" errors="0">
  <testcase name="verifyLoginPageLinkTest" time="0.067" classname="TestCases.LoginPageTest"/>
  <testcase name="verifyBotLogoTest" time="0.0" classname="TestCases.LoginPageTest">
    <ignored/>
  </testcase> <!-- verifyBotLogoTest -->
  <testcase name="loginToAppTest" time="0.0" classname="TestCases.LoginPageTest">
    <ignored/>
  </testcase> <!-- loginToAppTest -->
</testsuite> <!-- Test -->
