<?xml version="1.0" encoding="UTF-8"?>
<!-- Generated by org.testng.reporters.JUnitXMLReporter -->
<testsuite hostname="LAPTOP-0MK9KKKF" ignored="6" name="Test" tests="2" failures="2" timestamp="2023-01-28T15:45:18 IST" time="0.056" errors="0">
  <testcase name="verifyPeekLogoTest" time="0.009" classname="TestCases.InventoryPageTest">
    <failure type="java.lang.NullPointerException">
      <![CDATA[java.lang.NullPointerException
at TestCases.InventoryPageTest.verifyPeekLogoTest(InventoryPageTest.java:24)
at java.util.ArrayList.forEach(Unknown Source)
... Removed 27 stack frames]]>
    </failure>
  </testcase> <!-- verifyPeekLogoTest -->
  <testcase name="verifyLoginPageLinkTest" time="0.002" classname="TestCases.LoginPageTest">
    <failure type="java.lang.NullPointerException">
      <![CDATA[java.lang.NullPointerException
at TestCases.LoginPageTest.verifyLoginPageLinkTest(LoginPageTest.java:23)
at java.util.ArrayList.forEach(Unknown Source)
... Removed 27 stack frames]]>
    </failure>
  </testcase> <!-- verifyLoginPageLinkTest -->
  <testcase name="VerifyCartPageTest" time="0.0" classname="TestCases.InventoryPageTest">
    <ignored/>
  </testcase> <!-- VerifyCartPageTest -->
  <testcase name="verifyBotLogoTest" time="0.0" classname="TestCases.LoginPageTest">
    <ignored/>
  </testcase> <!-- verifyBotLogoTest -->
  <testcase name="verifyAddProductsTest" time="0.0" classname="TestCases.InventoryPageTest">
    <ignored/>
  </testcase> <!-- verifyAddProductsTest -->
  <testcase name="loginToAppTest" time="0.0" classname="TestCases.LoginPageTest">
    <ignored/>
  </testcase> <!-- loginToAppTest -->
  <testcase name="verifyProdLabelTest" time="0.0" classname="TestCases.InventoryPageTest">
    <ignored/>
  </testcase> <!-- verifyProdLabelTest -->
  <testcase name="verifySwagBotLogoTest" time="0.0" classname="TestCases.InventoryPageTest">
    <ignored/>
  </testcase> <!-- verifySwagBotLogoTest -->
</testsuite> <!-- Test -->
